\BOOKMARK [0][-]{chapter.1}{\376\377\000I\000n\000t\000r\000o\000d\000u\000c\000t\000i\000o\000n}{}% 1
\BOOKMARK [1][-]{section.1.1}{\376\377\000T\000h\000e\000\040\000G\000r\000a\000n\000d\000\040\000C\000h\000a\000l\000l\000e\000n\000g\000e\000:\000\040\000T\000h\000e\000\040\000M\000u\000l\000t\000i\000-\000Q\000u\000e\000r\000y\000\040\000B\000o\000t\000t\000l\000e\000n\000e\000c\000k\000\040\000i\000n\000\040\000C\000o\000m\000p\000u\000t\000a\000t\000i\000o\000n\000a\000l\000\040\000A\000e\000r\000o\000d\000y\000n\000a\000m\000i\000c\000s}{chapter.1}% 2
\BOOKMARK [1][-]{section.1.2}{\376\377\000A\000\040\000D\000a\000t\000a\000-\000D\000r\000i\000v\000e\000n\000\040\000P\000a\000r\000a\000d\000i\000g\000m\000:\000\040\000R\000e\000d\000u\000c\000e\000d\000-\000O\000r\000d\000e\000r\000\040\000M\000o\000d\000e\000l\000s\000\040\000\050\000R\000O\000M\000s\000\051}{chapter.1}% 3
\BOOKMARK [1][-]{section.1.3}{\376\377\000T\000h\000e\000s\000i\000s\000\040\000O\000b\000j\000e\000c\000t\000i\000v\000e\000s\000\040\000a\000n\000d\000\040\000C\000o\000n\000t\000r\000i\000b\000u\000t\000i\000o\000n\000s}{chapter.1}% 4
\BOOKMARK [1][-]{section.1.4}{\376\377\000D\000i\000s\000s\000e\000r\000t\000a\000t\000i\000o\000n\000\040\000O\000u\000t\000l\000i\000n\000e}{chapter.1}% 5
\BOOKMARK [0][-]{chapter.2}{\376\377\000A\000\040\000R\000e\000v\000i\000e\000w\000\040\000o\000f\000\040\000t\000h\000e\000\040\000S\000t\000a\000t\000e\000-\000o\000f\000-\000t\000h\000e\000-\000A\000r\000t\000\040\000i\000n\000\040\000C\000o\000m\000p\000u\000t\000a\000t\000i\000o\000n\000a\000l\000\040\000S\000c\000i\000e\000n\000c\000e\000\040\000a\000n\000d\000\040\000R\000e\000d\000u\000c\000e\000d\000-\000O\000r\000d\000e\000r\000\040\000M\000o\000d\000e\000l\000i\000n\000g}{}% 6
\BOOKMARK [1][-]{section.2.1}{\376\377\000T\000h\000e\000\040\000G\000r\000a\000n\000d\000\040\000C\000h\000a\000l\000l\000e\000n\000g\000e\000s\000\040\000o\000f\000\040\000M\000o\000d\000e\000r\000n\000\040\000C\000o\000m\000p\000u\000t\000a\000t\000i\000o\000n\000a\000l\000\040\000S\000i\000m\000u\000l\000a\000t\000i\000o\000n}{chapter.2}% 7
\BOOKMARK [2][-]{subsection.2.1.1}{\376\377\000P\000h\000y\000s\000i\000c\000a\000l\000\040\000M\000o\000d\000e\000l\000i\000n\000g\000\040\000o\000f\000\040\000C\000o\000m\000p\000l\000e\000x\000\040\000F\000l\000o\000w\000s}{section.2.1}% 8
\BOOKMARK [2][-]{subsection.2.1.2}{\376\377\000T\000h\000e\000\040\000G\000e\000o\000m\000e\000t\000r\000y\000\040\000a\000n\000d\000\040\000G\000r\000i\000d\000\040\000G\000e\000n\000e\000r\000a\000t\000i\000o\000n\000\040\000B\000o\000t\000t\000l\000e\000n\000e\000c\000k}{section.2.1}% 9
\BOOKMARK [2][-]{subsection.2.1.3}{\376\377\000K\000n\000o\000w\000l\000e\000d\000g\000e\000\040\000E\000x\000t\000r\000a\000c\000t\000i\000o\000n\000\040\000f\000r\000o\000m\000\040\000L\000a\000r\000g\000e\000-\000S\000c\000a\000l\000e\000\040\000D\000a\000t\000a}{section.2.1}% 10
\BOOKMARK [1][-]{section.2.2}{\376\377\000G\000a\000p\000s\000\040\000i\000n\000\040\000t\000h\000e\000\040\000S\000t\000a\000t\000e\000-\000o\000f\000-\000t\000h\000e\000-\000A\000r\000t\000\040\000o\000f\000\040\000R\000e\000d\000u\000c\000e\000d\000-\000O\000r\000d\000e\000r\000\040\000M\000o\000d\000e\000l\000i\000n\000g}{chapter.2}% 11
\BOOKMARK [2][-]{subsection.2.2.1}{\376\377\000L\000a\000c\000k\000\040\000o\000f\000\040\000P\000a\000r\000a\000m\000e\000t\000r\000i\000c\000\040\000F\000l\000o\000w\000\040\000F\000i\000e\000l\000d\000\040\000R\000e\000c\000o\000n\000s\000t\000r\000u\000c\000t\000i\000o\000n}{section.2.2}% 12
\BOOKMARK [2][-]{subsection.2.2.2}{\376\377\000U\000n\000d\000e\000r\000-\000E\000x\000p\000l\000o\000r\000a\000t\000i\000o\000n\000\040\000o\000f\000\040\000C\000o\000m\000p\000r\000e\000s\000s\000o\000r\000\040\000A\000p\000p\000l\000i\000c\000a\000t\000i\000o\000n\000s}{section.2.2}% 13
\BOOKMARK [2][-]{subsection.2.2.3}{\376\377\000S\000c\000a\000r\000c\000i\000t\000y\000\040\000o\000f\000\040\000I\000n\000t\000e\000g\000r\000a\000t\000e\000d\000\040\000G\000e\000o\000m\000e\000t\000r\000y\000\040\000a\000n\000d\000\040\000F\000l\000o\000w\000\040\000P\000r\000e\000d\000i\000c\000t\000i\000o\000n\000\040\000M\000o\000d\000e\000l\000s}{section.2.2}% 14
\BOOKMARK [2][-]{subsection.2.2.4}{\376\377\000I\000n\000n\000o\000v\000a\000t\000i\000o\000n\000s\000\040\000i\000n\000\040\000P\000h\000y\000s\000i\000c\000a\000l\000l\000y\000\040\000C\000o\000n\000s\000i\000s\000t\000e\000n\000t\000\040\000M\000o\000d\000e\000l\000\040\000T\000r\000a\000i\000n\000i\000n\000g}{section.2.2}% 15
\BOOKMARK [0][-]{chapter.3}{\376\377\000F\000o\000u\000n\000d\000a\000t\000i\000o\000n\000s\000\040\000o\000f\000\040\000R\000e\000d\000u\000c\000e\000d\000-\000O\000r\000d\000e\000r\000\040\000M\000o\000d\000e\000l\000i\000n\000g\000\040\000a\000n\000d\000\040\000M\000a\000c\000h\000i\000n\000e\000\040\000L\000e\000a\000r\000n\000i\000n\000g\000\040\000i\000n\000\040\000F\000l\000u\000i\000d\000\040\000D\000y\000n\000a\000m\000i\000c\000s}{}% 16
\BOOKMARK [1][-]{section.3.1}{\376\377\000\040\000T\000h\000e\000\040\000I\000m\000p\000e\000r\000a\000t\000i\000v\000e\000\040\000f\000o\000r\000\040\000M\000o\000d\000e\000l\000\040\000R\000e\000d\000u\000c\000t\000i\000o\000n\000\040\000i\000n\000\040\000C\000o\000m\000p\000u\000t\000a\000t\000i\000o\000n\000a\000l\000\040\000A\000e\000r\000o\000d\000y\000n\000a\000m\000i\000c\000s}{chapter.3}% 17
\BOOKMARK [1][-]{section.3.2}{\376\377\000D\000i\000m\000e\000n\000s\000i\000o\000n\000a\000l\000i\000t\000y\000\040\000R\000e\000d\000u\000c\000t\000i\000o\000n\000\040\000f\000o\000r\000\040\000F\000l\000u\000i\000d\000\040\000F\000l\000o\000w\000s\000:\000\040\000P\000r\000o\000p\000e\000r\000\040\000O\000r\000t\000h\000o\000g\000o\000n\000a\000l\000\040\000D\000e\000c\000o\000m\000p\000o\000s\000i\000t\000i\000o\000n\000\040\000\050\000P\000O\000D\000\051}{chapter.3}% 18
\BOOKMARK [2][-]{subsection.3.2.1}{\376\377\000T\000h\000e\000o\000r\000e\000t\000i\000c\000a\000l\000\040\000F\000o\000r\000m\000u\000l\000a\000t\000i\000o\000n}{section.3.2}% 19
\BOOKMARK [2][-]{subsection.3.2.2}{\376\377\000T\000h\000e\000\040\000"\000E\000n\000e\000r\000g\000y\000-\000O\000p\000t\000i\000m\000a\000l\000"\000\040\000B\000a\000s\000i\000s}{section.3.2}% 20
\BOOKMARK [2][-]{subsection.3.2.3}{\376\377\000I\000m\000p\000l\000e\000m\000e\000n\000t\000a\000t\000i\000o\000n\000\040\000a\000n\000d\000\040\000P\000r\000e\000p\000r\000o\000c\000e\000s\000s\000i\000n\000g}{section.3.2}% 21
\BOOKMARK [2][-]{subsection.3.2.4}{\376\377\000L\000i\000m\000i\000t\000a\000t\000i\000o\000n\000s\000\040\000a\000n\000d\000\040\000F\000u\000t\000u\000r\000e\000\040\000D\000i\000r\000e\000c\000t\000i\000o\000n\000s}{section.3.2}% 22
\BOOKMARK [1][-]{section.3.3}{\376\377\000S\000u\000r\000r\000o\000g\000a\000t\000e\000\040\000M\000o\000d\000e\000l\000i\000n\000g\000\040\000f\000o\000r\000\040\000L\000a\000t\000e\000n\000t\000\040\000S\000p\000a\000c\000e\000\040\000D\000y\000n\000a\000m\000i\000c\000s}{chapter.3}% 23
\BOOKMARK [2][-]{subsection.3.3.1}{\376\377\000G\000a\000u\000s\000s\000i\000a\000n\000\040\000P\000r\000o\000c\000e\000s\000s\000\040\000R\000e\000g\000r\000e\000s\000s\000i\000o\000n\000\040\000\050\000G\000P\000R\000\051}{section.3.3}% 24
\BOOKMARK [2][-]{subsection.3.3.2}{\376\377\000A\000r\000t\000i\000f\000i\000c\000i\000a\000l\000\040\000N\000e\000u\000r\000a\000l\000\040\000N\000e\000t\000w\000o\000r\000k\000s\000\040\000\050\000A\000N\000N\000s\000\051}{section.3.3}% 25
\BOOKMARK [1][-]{section.3.4}{\376\377\000T\000o\000w\000a\000r\000d\000\040\000P\000h\000y\000s\000i\000c\000a\000l\000l\000y\000\040\000C\000o\000n\000s\000i\000s\000t\000e\000n\000t\000\040\000a\000n\000d\000\040\000I\000n\000t\000e\000r\000p\000r\000e\000t\000a\000b\000l\000e\000\040\000M\000o\000d\000e\000l\000s}{chapter.3}% 26
\BOOKMARK [2][-]{subsection.3.4.1}{\376\377\000T\000h\000e\000\040\000R\000i\000s\000e\000\040\000o\000f\000\040\000P\000h\000y\000s\000i\000c\000s\000-\000I\000n\000f\000o\000r\000m\000e\000d\000\040\000M\000a\000c\000h\000i\000n\000e\000\040\000L\000e\000a\000r\000n\000i\000n\000g\000\040\000\050\000P\000I\000M\000L\000\051}{section.3.4}% 27
\BOOKMARK [1][-]{section.3.5}{\376\377\000T\000h\000e\000\040\000I\000n\000t\000e\000r\000p\000r\000e\000t\000a\000b\000i\000l\000i\000t\000y\000\040\000I\000m\000p\000e\000r\000a\000t\000i\000v\000e}{chapter.3}% 28
\BOOKMARK [0][-]{chapter.4}{\376\377\000A\000\040\000U\000n\000i\000f\000i\000e\000d\000\040\000F\000r\000a\000m\000e\000w\000o\000r\000k\000\040\000f\000o\000r\000\040\000P\000a\000r\000a\000m\000e\000t\000r\000i\000c\000\040\000F\000i\000e\000l\000d\000\040\000R\000e\000c\000o\000n\000s\000t\000r\000u\000c\000t\000i\000o\000n}{}% 29
\BOOKMARK [1][-]{section.4.1}{\376\377\000O\000v\000e\000r\000v\000i\000e\000w\000\040\000o\000f\000\040\000t\000h\000e\000\040\000E\000n\000d\000-\000t\000o\000-\000E\000n\000d\000\040\000P\000i\000p\000e\000l\000i\000n\000e}{chapter.4}% 30
\BOOKMARK [1][-]{section.4.2}{\376\377\000S\000t\000a\000g\000e\000\040\0001\000:\000\040\000P\000a\000r\000a\000m\000e\000t\000r\000i\000c\000\040\000D\000a\000t\000a\000\040\000G\000e\000n\000e\000r\000a\000t\000i\000o\000n}{chapter.4}% 31
\BOOKMARK [2][-]{subsection.4.2.1}{\376\377\000G\000e\000o\000m\000e\000t\000r\000y\000\040\000P\000a\000r\000a\000m\000e\000t\000e\000r\000i\000z\000a\000t\000i\000o\000n}{section.4.2}% 32
\BOOKMARK [2][-]{subsection.4.2.2}{\376\377\000D\000e\000s\000i\000g\000n\000\040\000o\000f\000\040\000E\000x\000p\000e\000r\000i\000m\000e\000n\000t\000s\000\040\000\050\000D\000o\000E\000\051}{section.4.2}% 33
\BOOKMARK [2][-]{subsection.4.2.3}{\376\377\000H\000i\000g\000h\000-\000F\000i\000d\000e\000l\000i\000t\000y\000\040\000S\000i\000m\000u\000l\000a\000t\000i\000o\000n}{section.4.2}% 34
\BOOKMARK [1][-]{section.4.3}{\376\377\000S\000t\000a\000g\000e\000\040\0002\000:\000\040\000T\000o\000p\000o\000l\000o\000g\000i\000c\000a\000l\000\040\000H\000a\000r\000m\000o\000n\000i\000z\000a\000t\000i\000o\000n\000\040\000v\000i\000a\000\040\000M\000e\000s\000h\000\040\000M\000o\000r\000p\000h\000i\000n\000g}{chapter.4}% 35
\BOOKMARK [1][-]{section.4.4}{\376\377\000S\000t\000a\000g\000e\000\040\0003\000\040\000a\000n\000d\000\040\0004\000:\000\040\000T\000h\000e\000\040\000H\000y\000b\000r\000i\000d\000\040\000P\000O\000D\000-\000M\000L\000\040\000R\000e\000g\000r\000e\000s\000s\000i\000o\000n\000\040\000P\000i\000p\000e\000l\000i\000n\000e}{chapter.4}% 36
\BOOKMARK [1][-]{section.4.5}{\376\377\000S\000t\000a\000g\000e\000\040\0005\000:\000\040\000A\000d\000v\000a\000n\000c\000e\000d\000\040\000S\000t\000r\000a\000t\000e\000g\000i\000e\000s\000\040\000f\000o\000r\000\040\000M\000o\000d\000e\000l\000\040\000T\000r\000a\000i\000n\000i\000n\000g\000\040\000a\000n\000d\000\040\000V\000a\000l\000i\000d\000a\000t\000i\000o\000n}{chapter.4}% 37
\BOOKMARK [2][-]{subsection.4.5.1}{\376\377\000H\000y\000p\000e\000r\000p\000a\000r\000a\000m\000e\000t\000e\000r\000\040\000O\000p\000t\000i\000m\000i\000z\000a\000t\000i\000o\000n\000\040\000\050\000B\000O\000H\000B\000\051}{section.4.5}% 38
\BOOKMARK [2][-]{subsection.4.5.2}{\376\377\000\040\000T\000h\000e\000\040\000H\000y\000b\000r\000i\000d\000\040\000L\000o\000s\000s\000\040\000F\000u\000n\000c\000t\000i\000o\000n\000\040\000f\000o\000r\000\040\000A\000N\000N\000s}{section.4.5}% 39
\BOOKMARK [2][-]{subsection.4.5.3}{\376\377\000R\000i\000g\000o\000r\000o\000u\000s\000\040\000V\000a\000l\000i\000d\000a\000t\000i\000o\000n\000\040\000P\000r\000o\000t\000o\000c\000o\000l\000s}{section.4.5}% 40
\BOOKMARK [0][-]{chapter.5}{\376\377\000C\000a\000s\000e\000\040\000S\000t\000u\000d\000y\000\040\000I\000:\000\040\000P\000a\000r\000a\000m\000e\000t\000r\000i\000c\000\040\000R\000e\000c\000o\000n\000s\000t\000r\000u\000c\000t\000i\000o\000n\000\040\000o\000f\000\040\0003\000D\000\040\000T\000u\000r\000b\000o\000m\000a\000c\000h\000i\000n\000e\000r\000y\000\040\000B\000l\000a\000d\000e\000\040\000S\000u\000r\000f\000a\000c\000e\000s}{}% 41
\BOOKMARK [1][-]{section.5.1}{\376\377\000P\000r\000o\000b\000l\000e\000m\000\040\000D\000e\000f\000i\000n\000i\000t\000i\000o\000n\000:\000\040\000A\000e\000r\000o\000d\000y\000n\000a\000m\000i\000c\000s\000\040\000o\000f\000\040\000t\000h\000e\000\040\000N\000A\000S\000A\000\040\000R\000o\000t\000o\000r\000\040\0003\0007}{chapter.5}% 42
\BOOKMARK [1][-]{section.5.2}{\376\377\000A\000p\000p\000l\000i\000c\000a\000t\000i\000o\000n\000\040\000o\000f\000\040\000t\000h\000e\000\040\000P\000O\000D\000-\000G\000P\000R\000\040\000P\000i\000p\000e\000l\000i\000n\000e}{chapter.5}% 43
\BOOKMARK [2][-]{subsection.5.2.1}{\376\377\000\040\000D\000a\000t\000a\000\040\000G\000e\000n\000e\000r\000a\000t\000i\000o\000n\000\040\000a\000n\000d\000\040\000P\000r\000e\000p\000r\000o\000c\000e\000s\000s\000i\000n\000g}{section.5.2}% 44
\BOOKMARK [2][-]{subsection.5.2.2}{\376\377\000M\000e\000s\000h\000\040\000M\000o\000r\000p\000h\000i\000n\000g\000\040\000i\000n\000\040\000A\000c\000t\000i\000o\000n}{section.5.2}% 45
\BOOKMARK [2][-]{subsection.5.2.3}{\376\377\000\040\000P\000O\000D\000\040\000D\000i\000m\000e\000n\000s\000i\000o\000n\000a\000l\000i\000t\000y\000\040\000R\000e\000d\000u\000c\000t\000i\000o\000n}{section.5.2}% 46
\BOOKMARK [2][-]{subsection.5.2.4}{\376\377\000G\000P\000R\000\040\000S\000u\000r\000r\000o\000g\000a\000t\000e\000\040\000M\000o\000d\000e\000l\000i\000n\000g}{section.5.2}% 47
\BOOKMARK [1][-]{section.5.3}{\376\377\000P\000e\000r\000f\000o\000r\000m\000a\000n\000c\000e\000\040\000A\000n\000a\000l\000y\000s\000i\000s\000\040\000a\000n\000d\000\040\000V\000a\000l\000i\000d\000a\000t\000i\000o\000n}{chapter.5}% 48
\BOOKMARK [2][-]{subsection.5.3.1}{\376\377\000Q\000u\000a\000l\000i\000t\000a\000t\000i\000v\000e\000\040\000A\000s\000s\000e\000s\000s\000m\000e\000n\000t}{section.5.3}% 49
\BOOKMARK [2][-]{subsection.5.3.2}{\376\377\000Q\000u\000a\000n\000t\000i\000t\000a\000t\000i\000v\000e\000\040\000A\000c\000c\000u\000r\000a\000c\000y}{section.5.3}% 50
\BOOKMARK [2][-]{subsection.5.3.3}{\376\377\000C\000o\000m\000p\000u\000t\000a\000t\000i\000o\000n\000a\000l\000\040\000E\000f\000f\000i\000c\000i\000e\000n\000c\000y}{section.5.3}% 51
\BOOKMARK [1][-]{section.5.4}{\376\377\000D\000i\000s\000c\000u\000s\000s\000i\000o\000n}{chapter.5}% 52
\BOOKMARK [0][-]{chapter.6}{\376\377\000C\000a\000s\000e\000\040\000S\000t\000u\000d\000y\000\040\000I\000I\000:\000\040\000M\000u\000l\000t\000i\000-\000F\000i\000d\000e\000l\000i\000t\000y\000\040\000R\000e\000c\000o\000n\000s\000t\000r\000u\000c\000t\000i\000o\000n\000\040\000a\000n\000d\000\040\000R\000e\000g\000r\000e\000s\000s\000o\000r\000\040\000C\000o\000m\000p\000a\000r\000i\000s\000o\000n\000\040\000f\000o\000r\000\040\0002\000D\000\040\000S\000u\000p\000e\000r\000s\000o\000n\000i\000c\000\040\000N\000o\000z\000z\000l\000e\000\040\000F\000l\000o\000w\000s}{}% 53
\BOOKMARK [1][-]{section.6.1}{\376\377\000P\000r\000o\000b\000l\000e\000m\000\040\000D\000e\000f\000i\000n\000i\000t\000i\000o\000n\000:\000\040\000S\000h\000o\000c\000k\000-\000W\000a\000v\000e\000/\000B\000o\000u\000n\000d\000a\000r\000y\000-\000L\000a\000y\000e\000r\000\040\000I\000n\000t\000e\000r\000a\000c\000t\000i\000o\000n\000\040\000i\000n\000\040\000a\000\040\000d\000e\000\040\000L\000a\000v\000a\000l\000\040\000N\000o\000z\000z\000l\000e}{chapter.6}% 54
\BOOKMARK [1][-]{section.6.2}{\376\377\000A\000\040\000C\000o\000m\000p\000a\000r\000a\000t\000i\000v\000e\000\040\000A\000n\000a\000l\000y\000s\000i\000s\000\040\000o\000f\000\040\000S\000u\000r\000r\000o\000g\000a\000t\000e\000\040\000R\000e\000g\000r\000e\000s\000s\000o\000r\000s\000:\000\040\000A\000N\000N\000\040\000v\000s\000.\000\040\000G\000P\000R}{chapter.6}% 55
\BOOKMARK [2][-]{subsection.6.2.1}{\376\377\000D\000a\000t\000a\000s\000e\000t\000\040\000C\000o\000n\000s\000t\000r\000u\000c\000t\000i\000o\000n}{section.6.2}% 56
\BOOKMARK [2][-]{subsection.6.2.2}{\376\377\000H\000y\000p\000e\000r\000p\000a\000r\000a\000m\000e\000t\000e\000r\000\040\000O\000p\000t\000i\000m\000i\000z\000a\000t\000i\000o\000n\000\040\000a\000n\000d\000\040\000T\000r\000a\000i\000n\000i\000n\000g}{section.6.2}% 57
\BOOKMARK [2][-]{subsection.6.2.3}{\376\377\000P\000e\000r\000f\000o\000r\000m\000a\000n\000c\000e\000\040\000C\000o\000m\000p\000a\000r\000i\000s\000o\000n\000\040\000v\000i\000a\000\040\000C\000r\000o\000s\000s\000-\000V\000a\000l\000i\000d\000a\000t\000i\000o\000n}{section.6.2}% 58
\BOOKMARK [2][-]{subsection.6.2.4}{\376\377\000N\000o\000i\000s\000e\000\040\000R\000o\000b\000u\000s\000t\000n\000e\000s\000s\000\040\000C\000o\000m\000p\000a\000r\000i\000s\000o\000n}{section.6.2}% 59
\BOOKMARK [2][-]{subsection.6.2.5}{\376\377\000M\000o\000d\000e\000l\000\040\000I\000n\000t\000e\000r\000p\000r\000e\000t\000a\000b\000i\000l\000i\000t\000y\000\040\000t\000h\000r\000o\000u\000g\000h\000\040\000S\000H\000A\000P\000\040\000A\000n\000a\000l\000y\000s\000i\000s}{section.6.2}% 60
\BOOKMARK [1][-]{section.6.3}{\376\377\000D\000i\000s\000c\000u\000s\000s\000i\000o\000n}{chapter.6}% 61
\BOOKMARK [0][-]{chapter.7}{\376\377\000S\000y\000n\000t\000h\000e\000s\000i\000s\000,\000\040\000C\000o\000n\000c\000l\000u\000s\000i\000o\000n\000s\000,\000\040\000a\000n\000d\000\040\000F\000u\000t\000u\000r\000e\000\040\000D\000i\000r\000e\000c\000t\000i\000o\000n\000s}{}% 62
\BOOKMARK [1][-]{section.7.1}{\376\377\000S\000y\000n\000t\000h\000e\000s\000i\000s\000\040\000o\000f\000\040\000F\000i\000n\000d\000i\000n\000g\000s\000:\000\040\000A\000\040\000U\000n\000i\000f\000i\000e\000d\000\040\000a\000n\000d\000\040\000V\000e\000r\000s\000a\000t\000i\000l\000e\000\040\000F\000r\000a\000m\000e\000w\000o\000r\000k}{chapter.7}% 63
\BOOKMARK [1][-]{section.7.2}{\376\377\000C\000o\000n\000t\000r\000i\000b\000u\000t\000i\000o\000n\000s\000\040\000t\000o\000\040\000t\000h\000e\000\040\000F\000i\000e\000l\000d}{chapter.7}% 64
\BOOKMARK [1][-]{section.7.3}{\376\377\000L\000i\000m\000i\000t\000a\000t\000i\000o\000n\000s\000\040\000o\000f\000\040\000t\000h\000e\000\040\000C\000u\000r\000r\000e\000n\000t\000\040\000W\000o\000r\000k}{chapter.7}% 65
\BOOKMARK [1][-]{section.7.4}{\376\377\000F\000u\000t\000u\000r\000e\000\040\000R\000e\000s\000e\000a\000r\000c\000h\000\040\000D\000i\000r\000e\000c\000t\000i\000o\000n\000s}{chapter.7}% 66
\BOOKMARK [0][-]{chapter*.20}{\376\377\000B\000i\000b\000l\000i\000o\000g\000r\000a\000p\000h\000y}{}% 67
\BOOKMARK [0][-]{appendix.A}{\376\377\000M\000a\000t\000h\000e\000m\000a\000t\000i\000c\000a\000l\000\040\000D\000e\000r\000i\000v\000a\000t\000i\000o\000n\000s}{}% 68
\BOOKMARK [1][-]{section.A.1}{\376\377\000H\000a\000r\000m\000o\000n\000i\000c\000\040\000M\000a\000p\000p\000i\000n\000g\000\040\000f\000o\000r\000\040\000M\000e\000s\000h\000\040\000M\000o\000r\000p\000h\000i\000n\000g}{appendix.A}% 69
\BOOKMARK [1][-]{section.A.2}{\376\377\000P\000r\000o\000p\000e\000r\000\040\000O\000r\000t\000h\000o\000g\000o\000n\000a\000l\000\040\000D\000e\000c\000o\000m\000p\000o\000s\000i\000t\000i\000o\000n\000\040\000\050\000P\000O\000D\000\051}{appendix.A}% 70
\BOOKMARK [1][-]{section.A.3}{\376\377\000G\000a\000u\000s\000s\000i\000a\000n\000\040\000P\000r\000o\000c\000e\000s\000s\000\040\000R\000e\000g\000r\000e\000s\000s\000i\000o\000n\000\040\000\050\000G\000P\000R\000\051\000\040\000P\000r\000e\000d\000i\000c\000t\000i\000v\000e\000\040\000E\000q\000u\000a\000t\000i\000o\000n\000s}{appendix.A}% 71
\BOOKMARK [1][-]{section.A.4}{\376\377\000G\000r\000a\000d\000i\000e\000n\000t\000\040\000o\000f\000\040\000t\000h\000e\000\040\000H\000y\000b\000r\000i\000d\000\040\000L\000o\000s\000s\000\040\000F\000u\000n\000c\000t\000i\000o\000n\000\040\000f\000o\000r\000\040\000A\000N\000N\000s}{appendix.A}% 72
\BOOKMARK [0][-]{appendix.B}{\376\377\000S\000o\000u\000r\000c\000e\000\040\000C\000o\000d\000e\000\040\000a\000n\000d\000\040\000D\000a\000t\000a\000\040\000A\000v\000a\000i\000l\000a\000b\000i\000l\000i\000t\000y}{}% 73
\BOOKMARK [1][-]{section.B.1}{\376\377\000S\000o\000u\000r\000c\000e\000\040\000C\000o\000d\000e\000\040\000A\000v\000a\000i\000l\000a\000b\000i\000l\000i\000t\000y}{appendix.B}% 74
\BOOKMARK [1][-]{section.B.2}{\376\377\000D\000a\000t\000a\000\040\000A\000v\000a\000i\000l\000a\000b\000i\000l\000i\000t\000y}{appendix.B}% 75
\BOOKMARK [1][-]{section.B.3}{\376\377\000P\000r\000e\000-\000t\000r\000a\000i\000n\000e\000d\000\040\000M\000o\000d\000e\000l\000s}{appendix.B}% 76
